2019/09/12:17:57:53 --------------------------- [./campaign.sh]
2019/09/12:17:57:53 actual path = []
2019/09/12:17:57:53 Exists a database with name measuresZD.db
2019/09/12:17:57:53 Processing file
2019/09/12:17:57:53 --->>> Start [./dbgraph.sh measuresZD.db ../../../PAWSC_REST_API_RICHARD/django/uploaded_spec_scans/log/campaign-20190912.log]
2019/09/12:17:57:53 Error: database measuresZD.db not found!
2019/09/12:17:57:55 /root/scripts/graph.sh
2019/09/12:17:58:07 Destination: [measuresZD]
2019/09/12:17:58:08 Copying dir with html report to destination
2019/09/12:17:58:08 --->>> Start [./cpydest.sh /maps/measuresZD / ../../../PAWSC_REST_API_RICHARD/django/uploaded_spec_scans/log/campaign-20190912.log]
2019/09/12:17:58:08 /maps/measuresZD is not a valid item to copy
2019/09/12:17:58:08 osm: /home/richard/workspace/django_pawsc/PAWSC_building_blocks/RFTrack_stuff/rftrack-server-scripts/scripts
2019/09/12:18:42:02 --------------------------- [./campaign.sh]
2019/09/12:18:42:02 actual path = []
2019/09/12:18:42:02 Exists a database with name measuresZD.db
2019/09/12:18:42:02 Processing file
2019/09/12:18:42:02 --->>> Start [./dbgraph.sh measuresZD.db ../../../PAWSC_REST_API_RICHARD/django/uploaded_spec_scans/log/campaign-20190912.log]
2019/09/12:18:42:02 Error: database measuresZD.db not found!
2019/09/12:18:42:03 /root/scripts/graph.sh
2019/09/12:18:42:03 Destination: [measuresZD]
2019/09/12:18:42:03 Copying dir with html report to destination
2019/09/12:18:42:03 --->>> Start [./cpydest.sh /maps/measuresZD / ../../../PAWSC_REST_API_RICHARD/django/uploaded_spec_scans/log/campaign-20190912.log]
2019/09/12:18:42:03 /maps/measuresZD is not a valid item to copy
2019/09/12:18:42:03 osm: /home/richard/workspace/django_pawsc/PAWSC_building_blocks/RFTrack_stuff/rftrack-server-scripts/scripts
2019/09/12:19:17:28 --------------------------- [./campaign.sh]
2019/09/12:19:17:28 actual path = []
2019/09/12:19:17:28 Exists a database with name measures.db
2019/09/12:19:17:28 Processing file
2019/09/12:19:17:28 --->>> Start [./dbgraph.sh measures.db ../../../PAWSC_REST_API_RICHARD/django/uploaded_spec_scans/log/campaign-20190912.log]
2019/09/12:19:17:28 Error: database measures.db not found!
2019/09/12:19:17:29 /root/scripts/graph.sh
2019/09/12:19:17:29 Destination: [measures]
2019/09/12:19:17:29 Copying dir with html report to destination
2019/09/12:19:17:29 --->>> Start [./cpydest.sh /maps/measures / ../../../PAWSC_REST_API_RICHARD/django/uploaded_spec_scans/log/campaign-20190912.log]
2019/09/12:19:17:29 /maps/measures is not a valid item to copy
2019/09/12:19:17:29 osm: /home/richard/workspace/django_pawsc/PAWSC_building_blocks/RFTrack_stuff/rftrack-server-scripts/scripts
2019/09/12:19:22:06 --------------------------- [./campaign.sh]
2019/09/12:19:22:06 No new database found.
2019/09/12:19:22:52 --------------------------- [./campaign.sh]
2019/09/12:19:22:52 actual path = []
2019/09/12:19:22:52 Exists a database with name measuresZ.db
2019/09/12:19:22:52 Processing file
2019/09/12:19:22:52 --->>> Start [./dbgraph.sh measuresZ.db ../../../PAWSC_REST_API_RICHARD/django/uploaded_spec_scans/log/campaign-20190912.log]
2019/09/12:19:22:52 Error: database measuresZ.db not found!
2019/09/12:19:22:53 /root/scripts/graph.sh
2019/09/12:19:22:53 Destination: [measuresZ]
2019/09/12:19:22:53 Copying dir with html report to destination
2019/09/12:19:22:53 --->>> Start [./cpydest.sh /maps/measuresZ / ../../../PAWSC_REST_API_RICHARD/django/uploaded_spec_scans/log/campaign-20190912.log]
2019/09/12:19:22:53 /maps/measuresZ is not a valid item to copy
2019/09/12:19:22:53 osm: /home/richard/workspace/django_pawsc/PAWSC_building_blocks/RFTrack_stuff/rftrack-server-scripts/scripts
2019/09/12:19:23:36 --------------------------- [./campaign.sh]
2019/09/12:19:23:36 actual path = []
2019/09/12:19:23:36 Exists a database with name measuresZa.db
2019/09/12:19:23:36 Processing file
2019/09/12:19:23:36 --->>> Start [./dbgraph.sh measuresZa.db ../../../PAWSC_REST_API_RICHARD/django/uploaded_spec_scans/log/campaign-20190912.log]
2019/09/12:19:23:36 Error: database measuresZa.db not found!
2019/09/12:19:23:37 /root/scripts/graph.sh
2019/09/12:19:23:37 Destination: [measuresZa]
2019/09/12:19:23:38 Copying dir with html report to destination
2019/09/12:19:23:38 --->>> Start [./cpydest.sh /maps/measuresZa / ../../../PAWSC_REST_API_RICHARD/django/uploaded_spec_scans/log/campaign-20190912.log]
2019/09/12:19:23:38 /maps/measuresZa is not a valid item to copy
2019/09/12:19:23:38 osm: /home/richard/workspace/django_pawsc/PAWSC_building_blocks/RFTrack_stuff/rftrack-server-scripts/scripts
2019/09/12:19:25:00 --------------------------- [./campaign.sh]
2019/09/12:19:25:00 actual path = []
2019/09/12:19:25:00 Exists a database with name measuresZD.db
2019/09/12:19:25:00 Processing file
2019/09/12:19:25:00 --->>> Start [./dbgraph.sh measuresZD.db ../../../PAWSC_REST_API_RICHARD/django/uploaded_spec_scans/log/campaign-20190912.log]
2019/09/12:19:25:00 Error: database measuresZD.db not found!
2019/09/12:19:25:01 /root/scripts/graph.sh
2019/09/12:19:25:01 Destination: [measuresZD]
2019/09/12:19:25:01 Copying dir with html report to destination
2019/09/12:19:25:01 --->>> Start [./cpydest.sh /maps/measuresZD / ../../../PAWSC_REST_API_RICHARD/django/uploaded_spec_scans/log/campaign-20190912.log]
2019/09/12:19:25:01 /maps/measuresZD is not a valid item to copy
2019/09/12:19:25:01 osm: /home/richard/workspace/django_pawsc/PAWSC_building_blocks/RFTrack_stuff/rftrack-server-scripts/scripts
2019/09/12:19:30:30 --------------------------- [./campaign.sh]
2019/09/12:19:30:30 actual path = []
2019/09/12:19:30:30 Exists a database with name measures.db
2019/09/12:19:30:30 Processing file
2019/09/12:19:30:30 --->>> Start [./dbgraph.sh measures.db ../../../PAWSC_REST_API_RICHARD/django/uploaded_spec_scans/log/campaign-20190912.log]
2019/09/12:19:30:30 Error: database measures.db not found!
2019/09/12:19:30:31 /root/scripts/graph.sh
2019/09/12:19:30:32 Destination: [measures]
2019/09/12:19:30:32 Copying dir with html report to destination
2019/09/12:19:30:32 --->>> Start [./cpydest.sh /maps/measures / ../../../PAWSC_REST_API_RICHARD/django/uploaded_spec_scans/log/campaign-20190912.log]
2019/09/12:19:30:32 /maps/measures is not a valid item to copy
2019/09/12:19:30:32 osm: /home/richard/workspace/django_pawsc/PAWSC_building_blocks/RFTrack_stuff/rftrack-server-scripts/scripts
2019/09/12:19:31:12 --------------------------- [./campaign.sh]
2019/09/12:19:31:12 actual path = []
2019/09/12:19:31:12 Exists a database with name measuresY.db
2019/09/12:19:31:12 Processing file
2019/09/12:19:31:12 --->>> Start [./dbgraph.sh measuresY.db ../../../PAWSC_REST_API_RICHARD/django/uploaded_spec_scans/log/campaign-20190912.log]
2019/09/12:19:31:12 Error: database measuresY.db not found!
2019/09/12:19:31:13 /root/scripts/graph.sh
2019/09/12:19:31:13 Destination: [measuresY]
2019/09/12:19:31:13 Copying dir with html report to destination
2019/09/12:19:31:13 --->>> Start [./cpydest.sh /maps/measuresY / ../../../PAWSC_REST_API_RICHARD/django/uploaded_spec_scans/log/campaign-20190912.log]
2019/09/12:19:31:13 /maps/measuresY is not a valid item to copy
2019/09/12:19:31:13 osm: /home/richard/workspace/django_pawsc/PAWSC_building_blocks/RFTrack_stuff/rftrack-server-scripts/scripts
2019/09/12:19:56:57 --------------------------- [./campaign.sh]
2019/09/12:19:56:57 No new database found.
2019/09/12:19:57:21 --------------------------- [./campaign.sh]
2019/09/12:19:57:21 actual path = []
2019/09/12:19:57:21 Exists a database with name measuresZ.db
2019/09/12:19:57:21 Processing file
2019/09/12:19:57:21 --->>> Start [./dbgraph.sh measuresZ.db ../../../PAWSC_REST_API_RICHARD/django/uploaded_spec_scans/log/campaign-20190912.log]
2019/09/12:19:57:21 Error: database measuresZ.db not found!
2019/09/12:19:57:21 /root/scripts/graph.sh
2019/09/12:19:57:21 Destination: [measuresZ]
2019/09/12:19:57:21 Copying dir with html report to destination
2019/09/12:19:57:21 --->>> Start [./cpydest.sh /maps/measuresZ / ../../../PAWSC_REST_API_RICHARD/django/uploaded_spec_scans/log/campaign-20190912.log]
2019/09/12:19:57:21 /maps/measuresZ is not a valid item to copy
2019/09/12:19:57:21 osm: /home/richard/workspace/django_pawsc/PAWSC_building_blocks/RFTrack_stuff/rftrack-server-scripts/scripts
2019/09/12:19:58:23 --------------------------- [./campaign.sh]
2019/09/12:19:58:23 actual path = []
2019/09/12:19:58:23 Exists a database with name measuresZa.db
2019/09/12:19:58:23 Processing file
2019/09/12:19:58:23 --->>> Start [./dbgraph.sh measuresZa.db ../../../PAWSC_REST_API_RICHARD/django/uploaded_spec_scans/log/campaign-20190912.log]
2019/09/12:19:58:23 Error: database measuresZa.db not found!
2019/09/12:19:58:23 /root/scripts/graph.sh
2019/09/12:19:58:23 Destination: [measuresZa]
2019/09/12:19:58:23 Copying dir with html report to destination
2019/09/12:19:58:23 --->>> Start [./cpydest.sh maps/measuresZa / ../../../PAWSC_REST_API_RICHARD/django/uploaded_spec_scans/log/campaign-20190912.log]
2019/09/12:19:58:23 Source file:[maps/measuresZa]
2019/09/12:19:58:23 Destination:[mzennaro@140.105.28.91:/Volumes/ELEARNING/WIRELESS/wireless/tvws/]
2019/09/12:19:59:18 file copied to:  [mzennaro@140.105.28.91:/Volumes/ELEARNING/WIRELESS/wireless/tvws/]
2019/09/12:19:59:18 <<<--- End   [./cpydest.sh]
2019/09/12:19:59:18 osm: /home/richard/workspace/django_pawsc/PAWSC_building_blocks/RFTrack_stuff/rftrack-server-scripts/scripts
2019/09/12:19:59:20 --------------------------- [./campaign.sh]
2019/09/12:19:59:20 actual path = []
2019/09/12:19:59:20 Exists a database with name measuresZD.db
2019/09/12:19:59:20 Processing file
2019/09/12:19:59:20 --->>> Start [./dbgraph.sh measuresZD.db ../../../PAWSC_REST_API_RICHARD/django/uploaded_spec_scans/log/campaign-20190912.log]
2019/09/12:19:59:20 Error: database measuresZD.db not found!
2019/09/12:19:59:20 /root/scripts/graph.sh
2019/09/12:19:59:20 Destination: [measuresZD]
2019/09/12:19:59:20 Copying dir with html report to destination
2019/09/12:19:59:20 --->>> Start [./cpydest.sh maps/measuresZD / ../../../PAWSC_REST_API_RICHARD/django/uploaded_spec_scans/log/campaign-20190912.log]
2019/09/12:19:59:20 Source file:[maps/measuresZD]
2019/09/12:19:59:20 Destination:[mzennaro@140.105.28.91:/Volumes/ELEARNING/WIRELESS/wireless/tvws/]
2019/09/12:20:01:27 file copied to:  [mzennaro@140.105.28.91:/Volumes/ELEARNING/WIRELESS/wireless/tvws/]
2019/09/12:20:01:27 <<<--- End   [./cpydest.sh]
2019/09/12:20:01:27 osm: /home/richard/workspace/django_pawsc/PAWSC_building_blocks/RFTrack_stuff/rftrack-server-scripts/scripts
2019/09/12:20:11:59 --------------------------- [./campaign.sh]
2019/09/12:20:11:59 actual path = []
2019/09/12:20:11:59 Exists a database with name measures.db
2019/09/12:20:11:59 Processing file
2019/09/12:20:12:00 --->>> Start [./dbgraph.sh measures.db ../../../PAWSC_REST_API_RICHARD/django/uploaded_spec_scans/log/campaign-20190912.log]
2019/09/12:20:12:00 Error: database measures.db not found!
2019/09/12:20:12:00 /root/scripts/graph.sh
2019/09/12:20:12:00 Destination: [measures]
2019/09/12:20:12:00 Copying dir with html report to destination
2019/09/12:20:12:00 --->>> Start [./cpydest.sh maps/measures / ../../../PAWSC_REST_API_RICHARD/django/uploaded_spec_scans/log/campaign-20190912.log]
2019/09/12:20:12:00 Source file:[maps/measures]
2019/09/12:20:12:00 Destination:[mzennaro@140.105.28.91:/Volumes/ELEARNING/WIRELESS/wireless/tvws/]
2019/09/12:20:14:08 file copied to:  [mzennaro@140.105.28.91:/Volumes/ELEARNING/WIRELESS/wireless/tvws/]
2019/09/12:20:14:08 <<<--- End   [./cpydest.sh]
2019/09/12:20:14:08 osm: /home/richard/workspace/django_pawsc/PAWSC_building_blocks/RFTrack_stuff/rftrack-server-scripts/scripts
